This file contains any messages produced by compilers while
running configure, to aid debugging if configure makes a mistake.

It was created by bin/PopLDdecay configure 3.31, which was
generated by GNU Autoconf 2.69.  Invocation command line was

  $ ./configure build_alias=x86_64-conda-linux-gnu host_alias=x86_64-conda-linux-gnu CXX=/home/rui/miniconda3/bin/x86_64-conda-linux-gnu-c++ CXXFLAGS=-fvisibility-inlines-hidden -std=c++17 -fmessage-length=0 -march=nocona -mtune=haswell -ftree-vectorize -fPIC -fstack-protector-strong -fno-plt -O2 -ffunction-sections -pipe -isystem /home/rui/miniconda3/include LDFLAGS=-Wl,-O2 -Wl,--sort-common -Wl,--as-needed -Wl,-z,relro -Wl,-z,now -Wl,--disable-new-dtags -Wl,--gc-sections -Wl,-rpath,/home/rui/miniconda3/lib -Wl,-rpath-link,/home/rui/miniconda3/lib -L/home/rui/miniconda3/lib CPPFLAGS=-DNDEBUG -D_FORTIFY_SOURCE=2 -O2 -isystem /home/rui/miniconda3/include CC=/home/rui/miniconda3/bin/x86_64-conda-linux-gnu-cc CFLAGS=-march=nocona -mtune=haswell -ftree-vectorize -fPIC -fstack-protector-strong -fno-plt -O2 -ffunction-sections -pipe -isystem /home/rui/miniconda3/include CPP=/home/rui/miniconda3/bin/x86_64-conda-linux-gnu-cpp --no-create --no-recursion

## --------- ##
## Platform. ##
## --------- ##

hostname = ruirui
uname -m = x86_64
uname -r = 5.4.0-99-generic
uname -s = Linux
uname -v = #112-Ubuntu SMP Thu Feb 3 13:50:55 UTC 2022

/usr/bin/uname -p = unknown
/bin/uname -X     = unknown

/bin/arch              = unknown
/usr/bin/arch -k       = unknown
/usr/convex/getsysinfo = unknown
/usr/bin/hostinfo      = unknown
/bin/machine           = unknown
/usr/bin/oslevel       = unknown
/bin/universe          = unknown

PATH: /home/rui/Biosoft/genomics_general-master
PATH: /home/rui/Biosoft/gatk-4.1.8.0
PATH: /home/rui/miniconda3/bin
PATH: /home/rui/miniconda3/condabin
PATH: /usr/local/sbin
PATH: /usr/local/bin
PATH: /usr/sbin
PATH: /usr/bin
PATH: /sbin
PATH: /bin
PATH: /usr/games
PATH: /usr/local/games
PATH: /snap/bin
PATH: /media/rui/Huang/MitoFinder
PATH: /home/rui
PATH: /home/rui/MitoFinder
PATH: /media/rui/Huang/mitofinder/MitoFinder
PATH: /media/rui/Huang/mitofinder/MitoFinder
PATH: /media/rui/Huang/mitofinder/MitoFinder
PATH: /media/rui/Huang/mt/MitoFinder
PATH: /home/sratoolkit/sratoolkit.2.10.8-ubuntu64/bin
PATH: /home/Biosoft/sratoolkit.2.11.0-ubuntu64/bin
PATH: /home/Biosoft/sratoolkit.2.11.0-ubuntu64/bin
PATH: /home/sratoolkit/sratoolkit.2.10.8-ubuntu64/bin
PATH: /home/rui/Biosoft/sratoolkit.2.11.0-ubuntu64/sratoolkit.2.11.0-ubuntu64/bin
PATH: /home/rui/.aspera/connect/bin/


## ----------- ##
## Core tests. ##
## ----------- ##

configure:2237: checking for a BSD-compatible install
configure:2305: result: /usr/bin/install -c
configure:2316: checking whether build environment is sane
configure:2366: result: yes
configure:2507: checking for a thread-safe mkdir -p
configure:2546: result: /bin/mkdir -p
configure:2559: checking for gawk
configure:2589: result: no
configure:2559: checking for mawk
configure:2575: found /usr/bin/mawk
configure:2586: result: mawk
configure:2597: checking whether make sets $(MAKE)
configure:2619: result: yes
configure:2707: checking for gawk
configure:2734: result: mawk
configure:2857: checking for C++ compiler version
configure:2866: /home/rui/miniconda3/bin/x86_64-conda-linux-gnu-c++ --version >&5
x86_64-conda-linux-gnu-c++ (crosstool-NG 1.24.0.133_b0863d8_dirty) 7.5.0
Copyright (C) 2017 Free Software Foundation, Inc.
This is free software; see the source for copying conditions.  There is NO
warranty; not even for MERCHANTABILITY or FITNESS FOR A PARTICULAR PURPOSE.

configure:2877: $? = 0
configure:2866: /home/rui/miniconda3/bin/x86_64-conda-linux-gnu-c++ -v >&5
Reading specs from /home/rui/miniconda3/bin/../lib/gcc/x86_64-conda-linux-gnu/7.5.0/specs
COLLECT_GCC=/home/rui/miniconda3/bin/x86_64-conda-linux-gnu-c++
COLLECT_LTO_WRAPPER=/home/rui/miniconda3/bin/../libexec/gcc/x86_64-conda-linux-gnu/7.5.0/lto-wrapper
Target: x86_64-conda-linux-gnu
Configured with: /home/conda/feedstock_root/build_artifacts/ctng-compilers_1618239163006/work/.build/x86_64-conda-linux-gnu/src/gcc/configure --build=x86_64-build_pc-linux-gnu --host=x86_64-build_pc-linux-gnu --target=x86_64-conda-linux-gnu --prefix=/home/conda/feedstock_root/build_artifacts/ctng-compilers_1618239163006/work/gcc_built --with-sysroot=/home/conda/feedstock_root/build_artifacts/ctng-compilers_1618239163006/work/gcc_built/x86_64-conda-linux-gnu/sysroot --enable-languages=c,c++,fortran,objc,obj-c++ --with-pkgversion='crosstool-NG 1.24.0.133_b0863d8_dirty' --enable-__cxa_atexit --disable-libmudflap --enable-libgomp --disable-libssp --enable-libquadmath --enable-libquadmath-support --enable-libsanitizer --enable-libmpx --with-gmp=/home/conda/feedstock_root/build_artifacts/ctng-compilers_1618239163006/work/.build/x86_64-conda-linux-gnu/buildtools --with-mpfr=/home/conda/feedstock_root/build_artifacts/ctng-compilers_1618239163006/work/.build/x86_64-conda-linux-gnu/buildtools --with-mpc=/home/conda/feedstock_root/build_artifacts/ctng-compilers_1618239163006/work/.build/x86_64-conda-linux-gnu/buildtools --with-isl=/home/conda/feedstock_root/build_artifacts/ctng-compilers_1618239163006/work/.build/x86_64-conda-linux-gnu/buildtools --enable-lto --enable-threads=posix --enable-target-optspace --enable-plugin --enable-gold --disable-nls --disable-multilib --with-local-prefix=/home/conda/feedstock_root/build_artifacts/ctng-compilers_1618239163006/work/gcc_built/x86_64-conda-linux-gnu/sysroot --enable-long-long --enable-default-pie
Thread model: posix
gcc version 7.5.0 (crosstool-NG 1.24.0.133_b0863d8_dirty) 
configure:2877: $? = 0
configure:2866: /home/rui/miniconda3/bin/x86_64-conda-linux-gnu-c++ -V >&5
x86_64-conda-linux-gnu-c++: error: unrecognized command line option '-V'
x86_64-conda-linux-gnu-c++: fatal error: no input files
compilation terminated.
configure:2877: $? = 1
configure:2866: /home/rui/miniconda3/bin/x86_64-conda-linux-gnu-c++ -qversion >&5
x86_64-conda-linux-gnu-c++: error: unrecognized command line option '-qversion'; did you mean '--version'?
x86_64-conda-linux-gnu-c++: fatal error: no input files
compilation terminated.
configure:2877: $? = 1
configure:2897: checking whether the C++ compiler works
configure:2919: /home/rui/miniconda3/bin/x86_64-conda-linux-gnu-c++ -fvisibility-inlines-hidden -std=c++17 -fmessage-length=0 -march=nocona -mtune=haswell -ftree-vectorize -fPIC -fstack-protector-strong -fno-plt -O2 -ffunction-sections -pipe -isystem /home/rui/miniconda3/include -DNDEBUG -D_FORTIFY_SOURCE=2 -O2 -isystem /home/rui/miniconda3/include -Wl,-O2 -Wl,--sort-common -Wl,--as-needed -Wl,-z,relro -Wl,-z,now -Wl,--disable-new-dtags -Wl,--gc-sections -Wl,-rpath,/home/rui/miniconda3/lib -Wl,-rpath-link,/home/rui/miniconda3/lib -L/home/rui/miniconda3/lib conftest.cpp  >&5
configure:2923: $? = 0
configure:2971: result: yes
configure:2974: checking for C++ compiler default output file name
configure:2976: result: a.out
configure:2982: checking for suffix of executables
configure:2989: /home/rui/miniconda3/bin/x86_64-conda-linux-gnu-c++ -o conftest -fvisibility-inlines-hidden -std=c++17 -fmessage-length=0 -march=nocona -mtune=haswell -ftree-vectorize -fPIC -fstack-protector-strong -fno-plt -O2 -ffunction-sections -pipe -isystem /home/rui/miniconda3/include -DNDEBUG -D_FORTIFY_SOURCE=2 -O2 -isystem /home/rui/miniconda3/include -Wl,-O2 -Wl,--sort-common -Wl,--as-needed -Wl,-z,relro -Wl,-z,now -Wl,--disable-new-dtags -Wl,--gc-sections -Wl,-rpath,/home/rui/miniconda3/lib -Wl,-rpath-link,/home/rui/miniconda3/lib -L/home/rui/miniconda3/lib conftest.cpp  >&5
configure:2993: $? = 0
configure:3015: result: 
configure:3037: checking whether we are cross compiling
configure:3045: /home/rui/miniconda3/bin/x86_64-conda-linux-gnu-c++ -o conftest -fvisibility-inlines-hidden -std=c++17 -fmessage-length=0 -march=nocona -mtune=haswell -ftree-vectorize -fPIC -fstack-protector-strong -fno-plt -O2 -ffunction-sections -pipe -isystem /home/rui/miniconda3/include -DNDEBUG -D_FORTIFY_SOURCE=2 -O2 -isystem /home/rui/miniconda3/include -Wl,-O2 -Wl,--sort-common -Wl,--as-needed -Wl,-z,relro -Wl,-z,now -Wl,--disable-new-dtags -Wl,--gc-sections -Wl,-rpath,/home/rui/miniconda3/lib -Wl,-rpath-link,/home/rui/miniconda3/lib -L/home/rui/miniconda3/lib conftest.cpp  >&5
configure:3049: $? = 0
configure:3056: ./conftest
configure:3060: $? = 0
configure:3048: result: no
configure:3053: checking for suffix of object files
configure:3075: /home/rui/miniconda3/bin/x86_64-conda-linux-gnu-c++ -c -fvisibility-inlines-hidden -std=c++17 -fmessage-length=0 -march=nocona -mtune=haswell -ftree-vectorize -fPIC -fstack-protector-strong -fno-plt -O2 -ffunction-sections -pipe -isystem /home/rui/miniconda3/include -DNDEBUG -D_FORTIFY_SOURCE=2 -O2 -isystem /home/rui/miniconda3/include conftest.cpp >&5
configure:3079: $? = 0
configure:3100: result: o
configure:3104: checking whether we are using the GNU C++ compiler
configure:3123: /home/rui/miniconda3/bin/x86_64-conda-linux-gnu-c++ -c -fvisibility-inlines-hidden -std=c++17 -fmessage-length=0 -march=nocona -mtune=haswell -ftree-vectorize -fPIC -fstack-protector-strong -fno-plt -O2 -ffunction-sections -pipe -isystem /home/rui/miniconda3/include -DNDEBUG -D_FORTIFY_SOURCE=2 -O2 -isystem /home/rui/miniconda3/include conftest.cpp >&5
configure:3123: $? = 0
configure:3132: result: yes
configure:3141: checking whether /home/rui/miniconda3/bin/x86_64-conda-linux-gnu-c++ accepts -g
configure:3161: /home/rui/miniconda3/bin/x86_64-conda-linux-gnu-c++ -c -g -DNDEBUG -D_FORTIFY_SOURCE=2 -O2 -isystem /home/rui/miniconda3/include conftest.cpp >&5
configure:3161: $? = 0
configure:3202: result: yes
configure:3236: checking for style of include used by make
configure:3264: result: GNU
configure:3289: checking dependency style of /home/rui/miniconda3/bin/x86_64-conda-linux-gnu-c++
configure:3399: result: gcc3
configure:3424: checking for x86_64-conda-linux-gnu-gcc
configure:3451: result: /home/rui/miniconda3/bin/x86_64-conda-linux-gnu-cc
configure:3526: checking for C compiler version
configure:3535: /home/rui/miniconda3/bin/x86_64-conda-linux-gnu-cc --version >&5
x86_64-conda-linux-gnu-cc (crosstool-NG 1.24.0.133_b0863d8_dirty) 7.5.0
Copyright (C) 2017 Free Software Foundation, Inc.
This is free software; see the source for copying conditions.  There is NO
warranty; not even for MERCHANTABILITY or FITNESS FOR A PARTICULAR PURPOSE.

configure:3546: $? = 0
configure:3535: /home/rui/miniconda3/bin/x86_64-conda-linux-gnu-cc -v >&5
Reading specs from /home/rui/miniconda3/bin/../lib/gcc/x86_64-conda-linux-gnu/7.5.0/specs
COLLECT_GCC=/home/rui/miniconda3/bin/x86_64-conda-linux-gnu-cc
COLLECT_LTO_WRAPPER=/home/rui/miniconda3/bin/../libexec/gcc/x86_64-conda-linux-gnu/7.5.0/lto-wrapper
Target: x86_64-conda-linux-gnu
Configured with: /home/conda/feedstock_root/build_artifacts/ctng-compilers_1618239163006/work/.build/x86_64-conda-linux-gnu/src/gcc/configure --build=x86_64-build_pc-linux-gnu --host=x86_64-build_pc-linux-gnu --target=x86_64-conda-linux-gnu --prefix=/home/conda/feedstock_root/build_artifacts/ctng-compilers_1618239163006/work/gcc_built --with-sysroot=/home/conda/feedstock_root/build_artifacts/ctng-compilers_1618239163006/work/gcc_built/x86_64-conda-linux-gnu/sysroot --enable-languages=c,c++,fortran,objc,obj-c++ --with-pkgversion='crosstool-NG 1.24.0.133_b0863d8_dirty' --enable-__cxa_atexit --disable-libmudflap --enable-libgomp --disable-libssp --enable-libquadmath --enable-libquadmath-support --enable-libsanitizer --enable-libmpx --with-gmp=/home/conda/feedstock_root/build_artifacts/ctng-compilers_1618239163006/work/.build/x86_64-conda-linux-gnu/buildtools --with-mpfr=/home/conda/feedstock_root/build_artifacts/ctng-compilers_1618239163006/work/.build/x86_64-conda-linux-gnu/buildtools --with-mpc=/home/conda/feedstock_root/build_artifacts/ctng-compilers_1618239163006/work/.build/x86_64-conda-linux-gnu/buildtools --with-isl=/home/conda/feedstock_root/build_artifacts/ctng-compilers_1618239163006/work/.build/x86_64-conda-linux-gnu/buildtools --enable-lto --enable-threads=posix --enable-target-optspace --enable-plugin --enable-gold --disable-nls --disable-multilib --with-local-prefix=/home/conda/feedstock_root/build_artifacts/ctng-compilers_1618239163006/work/gcc_built/x86_64-conda-linux-gnu/sysroot --enable-long-long --enable-default-pie
Thread model: posix
gcc version 7.5.0 (crosstool-NG 1.24.0.133_b0863d8_dirty) 
configure:3546: $? = 0
configure:3535: /home/rui/miniconda3/bin/x86_64-conda-linux-gnu-cc -V >&5
x86_64-conda-linux-gnu-cc: error: unrecognized command line option '-V'
x86_64-conda-linux-gnu-cc: fatal error: no input files
compilation terminated.
configure:3546: $? = 1
configure:3535: /home/rui/miniconda3/bin/x86_64-conda-linux-gnu-cc -qversion >&5
x86_64-conda-linux-gnu-cc: error: unrecognized command line option '-qversion'; did you mean '--version'?
x86_64-conda-linux-gnu-cc: fatal error: no input files
compilation terminated.
configure:3546: $? = 1
configure:3550: checking whether we are using the GNU C compiler
configure:3569: /home/rui/miniconda3/bin/x86_64-conda-linux-gnu-cc -c -march=nocona -mtune=haswell -ftree-vectorize -fPIC -fstack-protector-strong -fno-plt -O2 -ffunction-sections -pipe -isystem /home/rui/miniconda3/include -DNDEBUG -D_FORTIFY_SOURCE=2 -O2 -isystem /home/rui/miniconda3/include conftest.c >&5
configure:3569: $? = 0
configure:3578: result: yes
configure:3587: checking whether /home/rui/miniconda3/bin/x86_64-conda-linux-gnu-cc accepts -g
configure:3607: /home/rui/miniconda3/bin/x86_64-conda-linux-gnu-cc -c -g -DNDEBUG -D_FORTIFY_SOURCE=2 -O2 -isystem /home/rui/miniconda3/include conftest.c >&5
configure:3607: $? = 0
configure:3648: result: yes
configure:3665: checking for /home/rui/miniconda3/bin/x86_64-conda-linux-gnu-cc option to accept ISO C89
configure:3728: /home/rui/miniconda3/bin/x86_64-conda-linux-gnu-cc  -c -march=nocona -mtune=haswell -ftree-vectorize -fPIC -fstack-protector-strong -fno-plt -O2 -ffunction-sections -pipe -isystem /home/rui/miniconda3/include -DNDEBUG -D_FORTIFY_SOURCE=2 -O2 -isystem /home/rui/miniconda3/include conftest.c >&5
configure:3728: $? = 0
configure:3741: result: none needed
configure:3763: checking dependency style of /home/rui/miniconda3/bin/x86_64-conda-linux-gnu-cc
configure:3873: result: gcc3
configure:3893: checking how to run the C preprocessor
configure:3963: result: /home/rui/miniconda3/bin/x86_64-conda-linux-gnu-cpp
configure:3983: /home/rui/miniconda3/bin/x86_64-conda-linux-gnu-cpp -DNDEBUG -D_FORTIFY_SOURCE=2 -O2 -isystem /home/rui/miniconda3/include conftest.c
configure:3983: $? = 0
configure:3997: /home/rui/miniconda3/bin/x86_64-conda-linux-gnu-cpp -DNDEBUG -D_FORTIFY_SOURCE=2 -O2 -isystem /home/rui/miniconda3/include conftest.c
conftest.c:11:10: fatal error: ac_nonexistent.h: No such file or directory
 #include <ac_nonexistent.h>
          ^~~~~~~~~~~~~~~~~~
compilation terminated.
configure:3997: $? = 1
configure: failed program was:
| /* confdefs.h */
| #define PACKAGE_NAME "bin/PopLDdecay"
| #define PACKAGE_TARNAME "bin-poplddecay"
| #define PACKAGE_VERSION "3.31"
| #define PACKAGE_STRING "bin/PopLDdecay 3.31"
| #define PACKAGE_BUGREPORT "hewm2008@gmail.com"
| #define PACKAGE_URL ""
| #define PACKAGE "bin/PopLDdecay"
| #define VERSION "3.31"
| /* end confdefs.h.  */
| #include <ac_nonexistent.h>
configure:4025: checking whether ln -s works
configure:4029: result: yes
configure:4036: checking whether make sets $(MAKE)
configure:4058: result: yes
configure:4070: checking for x86_64-conda-linux-gnu-ranlib
configure:4097: result: /home/rui/miniconda3/bin/x86_64-conda-linux-gnu-ranlib
configure:4163: checking for main in -lz
configure:4182: /home/rui/miniconda3/bin/x86_64-conda-linux-gnu-cc -o conftest -march=nocona -mtune=haswell -ftree-vectorize -fPIC -fstack-protector-strong -fno-plt -O2 -ffunction-sections -pipe -isystem /home/rui/miniconda3/include -DNDEBUG -D_FORTIFY_SOURCE=2 -O2 -isystem /home/rui/miniconda3/include -Wl,-O2 -Wl,--sort-common -Wl,--as-needed -Wl,-z,relro -Wl,-z,now -Wl,--disable-new-dtags -Wl,--gc-sections -Wl,-rpath,/home/rui/miniconda3/lib -Wl,-rpath-link,/home/rui/miniconda3/lib -L/home/rui/miniconda3/lib conftest.c -lz   >&5
configure:4182: $? = 0
configure:4191: result: yes
configure:4210: checking for grep that handles long lines and -e
configure:4268: result: /bin/grep
configure:4273: checking for egrep
configure:4335: result: /bin/grep -E
configure:4340: checking for ANSI C header files
configure:4360: /home/rui/miniconda3/bin/x86_64-conda-linux-gnu-cc -c -march=nocona -mtune=haswell -ftree-vectorize -fPIC -fstack-protector-strong -fno-plt -O2 -ffunction-sections -pipe -isystem /home/rui/miniconda3/include -DNDEBUG -D_FORTIFY_SOURCE=2 -O2 -isystem /home/rui/miniconda3/include conftest.c >&5
configure:4360: $? = 0
configure:4433: /home/rui/miniconda3/bin/x86_64-conda-linux-gnu-cc -o conftest -march=nocona -mtune=haswell -ftree-vectorize -fPIC -fstack-protector-strong -fno-plt -O2 -ffunction-sections -pipe -isystem /home/rui/miniconda3/include -DNDEBUG -D_FORTIFY_SOURCE=2 -O2 -isystem /home/rui/miniconda3/include -Wl,-O2 -Wl,--sort-common -Wl,--as-needed -Wl,-z,relro -Wl,-z,now -Wl,--disable-new-dtags -Wl,--gc-sections -Wl,-rpath,/home/rui/miniconda3/lib -Wl,-rpath-link,/home/rui/miniconda3/lib -L/home/rui/miniconda3/lib conftest.c -lz  >&5
configure:4433: $? = 0
configure:4433: ./conftest
configure:4433: $? = 0
configure:4444: result: yes
configure:4457: checking for sys/types.h
configure:4457: /home/rui/miniconda3/bin/x86_64-conda-linux-gnu-cc -c -march=nocona -mtune=haswell -ftree-vectorize -fPIC -fstack-protector-strong -fno-plt -O2 -ffunction-sections -pipe -isystem /home/rui/miniconda3/include -DNDEBUG -D_FORTIFY_SOURCE=2 -O2 -isystem /home/rui/miniconda3/include conftest.c >&5
configure:4457: $? = 0
configure:4457: result: yes
configure:4457: checking for sys/stat.h
configure:4457: /home/rui/miniconda3/bin/x86_64-conda-linux-gnu-cc -c -march=nocona -mtune=haswell -ftree-vectorize -fPIC -fstack-protector-strong -fno-plt -O2 -ffunction-sections -pipe -isystem /home/rui/miniconda3/include -DNDEBUG -D_FORTIFY_SOURCE=2 -O2 -isystem /home/rui/miniconda3/include conftest.c >&5
configure:4457: $? = 0
configure:4457: result: yes
configure:4457: checking for stdlib.h
configure:4457: /home/rui/miniconda3/bin/x86_64-conda-linux-gnu-cc -c -march=nocona -mtune=haswell -ftree-vectorize -fPIC -fstack-protector-strong -fno-plt -O2 -ffunction-sections -pipe -isystem /home/rui/miniconda3/include -DNDEBUG -D_FORTIFY_SOURCE=2 -O2 -isystem /home/rui/miniconda3/include conftest.c >&5
configure:4457: $? = 0
configure:4457: result: yes
configure:4457: checking for string.h
configure:4457: /home/rui/miniconda3/bin/x86_64-conda-linux-gnu-cc -c -march=nocona -mtune=haswell -ftree-vectorize -fPIC -fstack-protector-strong -fno-plt -O2 -ffunction-sections -pipe -isystem /home/rui/miniconda3/include -DNDEBUG -D_FORTIFY_SOURCE=2 -O2 -isystem /home/rui/miniconda3/include conftest.c >&5
configure:4457: $? = 0
configure:4457: result: yes
configure:4457: checking for memory.h
configure:4457: /home/rui/miniconda3/bin/x86_64-conda-linux-gnu-cc -c -march=nocona -mtune=haswell -ftree-vectorize -fPIC -fstack-protector-strong -fno-plt -O2 -ffunction-sections -pipe -isystem /home/rui/miniconda3/include -DNDEBUG -D_FORTIFY_SOURCE=2 -O2 -isystem /home/rui/miniconda3/include conftest.c >&5
configure:4457: $? = 0
configure:4457: result: yes
configure:4457: checking for strings.h
configure:4457: /home/rui/miniconda3/bin/x86_64-conda-linux-gnu-cc -c -march=nocona -mtune=haswell -ftree-vectorize -fPIC -fstack-protector-strong -fno-plt -O2 -ffunction-sections -pipe -isystem /home/rui/miniconda3/include -DNDEBUG -D_FORTIFY_SOURCE=2 -O2 -isystem /home/rui/miniconda3/include conftest.c >&5
configure:4457: $? = 0
configure:4457: result: yes
configure:4457: checking for inttypes.h
configure:4457: /home/rui/miniconda3/bin/x86_64-conda-linux-gnu-cc -c -march=nocona -mtune=haswell -ftree-vectorize -fPIC -fstack-protector-strong -fno-plt -O2 -ffunction-sections -pipe -isystem /home/rui/miniconda3/include -DNDEBUG -D_FORTIFY_SOURCE=2 -O2 -isystem /home/rui/miniconda3/include conftest.c >&5
configure:4457: $? = 0
configure:4457: result: yes
configure:4457: checking for stdint.h
configure:4457: /home/rui/miniconda3/bin/x86_64-conda-linux-gnu-cc -c -march=nocona -mtune=haswell -ftree-vectorize -fPIC -fstack-protector-strong -fno-plt -O2 -ffunction-sections -pipe -isystem /home/rui/miniconda3/include -DNDEBUG -D_FORTIFY_SOURCE=2 -O2 -isystem /home/rui/miniconda3/include conftest.c >&5
configure:4457: $? = 0
configure:4457: result: yes
configure:4457: checking for unistd.h
configure:4457: /home/rui/miniconda3/bin/x86_64-conda-linux-gnu-cc -c -march=nocona -mtune=haswell -ftree-vectorize -fPIC -fstack-protector-strong -fno-plt -O2 -ffunction-sections -pipe -isystem /home/rui/miniconda3/include -DNDEBUG -D_FORTIFY_SOURCE=2 -O2 -isystem /home/rui/miniconda3/include conftest.c >&5
configure:4457: $? = 0
configure:4457: result: yes
configure:4471: checking zlib.h usability
configure:4471: /home/rui/miniconda3/bin/x86_64-conda-linux-gnu-cc -c -march=nocona -mtune=haswell -ftree-vectorize -fPIC -fstack-protector-strong -fno-plt -O2 -ffunction-sections -pipe -isystem /home/rui/miniconda3/include -DNDEBUG -D_FORTIFY_SOURCE=2 -O2 -isystem /home/rui/miniconda3/include conftest.c >&5
configure:4471: $? = 0
configure:4471: result: yes
configure:4471: checking zlib.h presence
configure:4471: /home/rui/miniconda3/bin/x86_64-conda-linux-gnu-cpp -DNDEBUG -D_FORTIFY_SOURCE=2 -O2 -isystem /home/rui/miniconda3/include conftest.c
configure:4471: $? = 0
configure:4471: result: yes
configure:4471: checking for zlib.h
configure:4471: result: yes
configure:4485: checking math.h usability
configure:4485: /home/rui/miniconda3/bin/x86_64-conda-linux-gnu-cc -c -march=nocona -mtune=haswell -ftree-vectorize -fPIC -fstack-protector-strong -fno-plt -O2 -ffunction-sections -pipe -isystem /home/rui/miniconda3/include -DNDEBUG -D_FORTIFY_SOURCE=2 -O2 -isystem /home/rui/miniconda3/include conftest.c >&5
configure:4485: $? = 0
configure:4485: result: yes
configure:4485: checking math.h presence
configure:4485: /home/rui/miniconda3/bin/x86_64-conda-linux-gnu-cpp -DNDEBUG -D_FORTIFY_SOURCE=2 -O2 -isystem /home/rui/miniconda3/include conftest.c
configure:4485: $? = 0
configure:4485: result: yes
configure:4485: checking for math.h
configure:4485: result: yes
configure:4513: checking for stdlib.h
configure:4513: result: yes
configure:4523: checking for GNU libc compatible malloc
configure:4547: /home/rui/miniconda3/bin/x86_64-conda-linux-gnu-cc -o conftest -march=nocona -mtune=haswell -ftree-vectorize -fPIC -fstack-protector-strong -fno-plt -O2 -ffunction-sections -pipe -isystem /home/rui/miniconda3/include -DNDEBUG -D_FORTIFY_SOURCE=2 -O2 -isystem /home/rui/miniconda3/include -Wl,-O2 -Wl,--sort-common -Wl,--as-needed -Wl,-z,relro -Wl,-z,now -Wl,--disable-new-dtags -Wl,--gc-sections -Wl,-rpath,/home/rui/miniconda3/lib -Wl,-rpath-link,/home/rui/miniconda3/lib -L/home/rui/miniconda3/lib conftest.c -lz  >&5
configure:4547: $? = 0
configure:4547: ./conftest
configure:4547: $? = 0
configure:4557: result: yes
configure:4580: checking for stdlib.h
configure:4580: result: yes
configure:4590: checking for GNU libc compatible realloc
configure:4614: /home/rui/miniconda3/bin/x86_64-conda-linux-gnu-cc -o conftest -march=nocona -mtune=haswell -ftree-vectorize -fPIC -fstack-protector-strong -fno-plt -O2 -ffunction-sections -pipe -isystem /home/rui/miniconda3/include -DNDEBUG -D_FORTIFY_SOURCE=2 -O2 -isystem /home/rui/miniconda3/include -Wl,-O2 -Wl,--sort-common -Wl,--as-needed -Wl,-z,relro -Wl,-z,now -Wl,--disable-new-dtags -Wl,--gc-sections -Wl,-rpath,/home/rui/miniconda3/lib -Wl,-rpath-link,/home/rui/miniconda3/lib -L/home/rui/miniconda3/lib conftest.c -lz  >&5
configure:4614: $? = 0
configure:4614: ./conftest
configure:4614: $? = 0
configure:4624: result: yes
configure:4648: checking for memset
configure:4648: /home/rui/miniconda3/bin/x86_64-conda-linux-gnu-cc -o conftest -march=nocona -mtune=haswell -ftree-vectorize -fPIC -fstack-protector-strong -fno-plt -O2 -ffunction-sections -pipe -isystem /home/rui/miniconda3/include -DNDEBUG -D_FORTIFY_SOURCE=2 -O2 -isystem /home/rui/miniconda3/include -Wl,-O2 -Wl,--sort-common -Wl,--as-needed -Wl,-z,relro -Wl,-z,now -Wl,--disable-new-dtags -Wl,--gc-sections -Wl,-rpath,/home/rui/miniconda3/lib -Wl,-rpath-link,/home/rui/miniconda3/lib -L/home/rui/miniconda3/lib conftest.c -lz  >&5
conftest.c:51:6: warning: conflicting types for built-in function 'memset' [-Wbuiltin-declaration-mismatch]
 char memset ();
      ^~~~~~
configure:4648: $? = 0
configure:4648: result: yes
configure:4648: checking for regcomp
configure:4648: /home/rui/miniconda3/bin/x86_64-conda-linux-gnu-cc -o conftest -march=nocona -mtune=haswell -ftree-vectorize -fPIC -fstack-protector-strong -fno-plt -O2 -ffunction-sections -pipe -isystem /home/rui/miniconda3/include -DNDEBUG -D_FORTIFY_SOURCE=2 -O2 -isystem /home/rui/miniconda3/include -Wl,-O2 -Wl,--sort-common -Wl,--as-needed -Wl,-z,relro -Wl,-z,now -Wl,--disable-new-dtags -Wl,--gc-sections -Wl,-rpath,/home/rui/miniconda3/lib -Wl,-rpath-link,/home/rui/miniconda3/lib -L/home/rui/miniconda3/lib conftest.c -lz  >&5
configure:4648: $? = 0
configure:4648: result: yes
configure:4648: checking for sqrt
configure:4648: /home/rui/miniconda3/bin/x86_64-conda-linux-gnu-cc -o conftest -march=nocona -mtune=haswell -ftree-vectorize -fPIC -fstack-protector-strong -fno-plt -O2 -ffunction-sections -pipe -isystem /home/rui/miniconda3/include -DNDEBUG -D_FORTIFY_SOURCE=2 -O2 -isystem /home/rui/miniconda3/include -Wl,-O2 -Wl,--sort-common -Wl,--as-needed -Wl,-z,relro -Wl,-z,now -Wl,--disable-new-dtags -Wl,--gc-sections -Wl,-rpath,/home/rui/miniconda3/lib -Wl,-rpath-link,/home/rui/miniconda3/lib -L/home/rui/miniconda3/lib conftest.c -lz  >&5
conftest.c:53:6: warning: conflicting types for built-in function 'sqrt' [-Wbuiltin-declaration-mismatch]
 char sqrt ();
      ^~~~
/home/rui/miniconda3/bin/../lib/gcc/x86_64-conda-linux-gnu/7.5.0/../../../../x86_64-conda-linux-gnu/bin/ld: /tmp/ccaiY1fJ.o: in function `main':
conftest.c:(.text.startup.main+0x8): undefined reference to `sqrt'
collect2: error: ld returned 1 exit status
configure:4648: $? = 1
configure: failed program was:
| /* confdefs.h */
| #define PACKAGE_NAME "bin/PopLDdecay"
| #define PACKAGE_TARNAME "bin-poplddecay"
| #define PACKAGE_VERSION "3.31"
| #define PACKAGE_STRING "bin/PopLDdecay 3.31"
| #define PACKAGE_BUGREPORT "hewm2008@gmail.com"
| #define PACKAGE_URL ""
| #define PACKAGE "bin/PopLDdecay"
| #define VERSION "3.31"
| #define HAVE_LIBZ 1
| #define STDC_HEADERS 1
| #define HAVE_SYS_TYPES_H 1
| #define HAVE_SYS_STAT_H 1
| #define HAVE_STDLIB_H 1
| #define HAVE_STRING_H 1
| #define HAVE_MEMORY_H 1
| #define HAVE_STRINGS_H 1
| #define HAVE_INTTYPES_H 1
| #define HAVE_STDINT_H 1
| #define HAVE_UNISTD_H 1
| #define HAVE_ZLIB_H 1
| #define HAVE_MATH_H 1
| #define HAVE_STDLIB_H 1
| #define HAVE_MALLOC 1
| #define HAVE_STDLIB_H 1
| #define HAVE_REALLOC 1
| #define HAVE_MEMSET 1
| #define HAVE_REGCOMP 1
| /* end confdefs.h.  */
| /* Define sqrt to an innocuous variant, in case <limits.h> declares sqrt.
|    For example, HP-UX 11i <limits.h> declares gettimeofday.  */
| #define sqrt innocuous_sqrt
| 
| /* System header to define __stub macros and hopefully few prototypes,
|     which can conflict with char sqrt (); below.
|     Prefer <limits.h> to <assert.h> if __STDC__ is defined, since
|     <limits.h> exists even on freestanding compilers.  */
| 
| #ifdef __STDC__
| # include <limits.h>
| #else
| # include <assert.h>
| #endif
| 
| #undef sqrt
| 
| /* Override any GCC internal prototype to avoid an error.
|    Use char because int might match the return type of a GCC
|    builtin and then its argument prototype would still apply.  */
| #ifdef __cplusplus
| extern "C"
| #endif
| char sqrt ();
| /* The GNU C library defines this for functions which it implements
|     to always fail with ENOSYS.  Some functions are actually named
|     something starting with __ and the normal name is an alias.  */
| #if defined __stub_sqrt || defined __stub___sqrt
| choke me
| #endif
| 
| int
| main ()
| {
| return sqrt ();
|   ;
|   return 0;
| }
configure:4648: result: no
configure:4648: checking for strdup
configure:4648: /home/rui/miniconda3/bin/x86_64-conda-linux-gnu-cc -o conftest -march=nocona -mtune=haswell -ftree-vectorize -fPIC -fstack-protector-strong -fno-plt -O2 -ffunction-sections -pipe -isystem /home/rui/miniconda3/include -DNDEBUG -D_FORTIFY_SOURCE=2 -O2 -isystem /home/rui/miniconda3/include -Wl,-O2 -Wl,--sort-common -Wl,--as-needed -Wl,-z,relro -Wl,-z,now -Wl,--disable-new-dtags -Wl,--gc-sections -Wl,-rpath,/home/rui/miniconda3/lib -Wl,-rpath-link,/home/rui/miniconda3/lib -L/home/rui/miniconda3/lib conftest.c -lz  >&5
conftest.c:53:6: warning: conflicting types for built-in function 'strdup' [-Wbuiltin-declaration-mismatch]
 char strdup ();
      ^~~~~~
configure:4648: $? = 0
configure:4648: result: yes
configure:4648: checking for strncasecmp
configure:4648: /home/rui/miniconda3/bin/x86_64-conda-linux-gnu-cc -o conftest -march=nocona -mtune=haswell -ftree-vectorize -fPIC -fstack-protector-strong -fno-plt -O2 -ffunction-sections -pipe -isystem /home/rui/miniconda3/include -DNDEBUG -D_FORTIFY_SOURCE=2 -O2 -isystem /home/rui/miniconda3/include -Wl,-O2 -Wl,--sort-common -Wl,--as-needed -Wl,-z,relro -Wl,-z,now -Wl,--disable-new-dtags -Wl,--gc-sections -Wl,-rpath,/home/rui/miniconda3/lib -Wl,-rpath-link,/home/rui/miniconda3/lib -L/home/rui/miniconda3/lib conftest.c -lz  >&5
conftest.c:54:6: warning: conflicting types for built-in function 'strncasecmp' [-Wbuiltin-declaration-mismatch]
 char strncasecmp ();
      ^~~~~~~~~~~
configure:4648: $? = 0
configure:4648: result: yes
configure:4648: checking for strtol
configure:4648: /home/rui/miniconda3/bin/x86_64-conda-linux-gnu-cc -o conftest -march=nocona -mtune=haswell -ftree-vectorize -fPIC -fstack-protector-strong -fno-plt -O2 -ffunction-sections -pipe -isystem /home/rui/miniconda3/include -DNDEBUG -D_FORTIFY_SOURCE=2 -O2 -isystem /home/rui/miniconda3/include -Wl,-O2 -Wl,--sort-common -Wl,--as-needed -Wl,-z,relro -Wl,-z,now -Wl,--disable-new-dtags -Wl,--gc-sections -Wl,-rpath,/home/rui/miniconda3/lib -Wl,-rpath-link,/home/rui/miniconda3/lib -L/home/rui/miniconda3/lib conftest.c -lz  >&5
configure:4648: $? = 0
configure:4648: result: yes
configure:4789: creating ./config.status

## ---------------- ##
## Cache variables. ##
## ---------------- ##

ac_cv_c_compiler_gnu=yes
ac_cv_cxx_compiler_gnu=yes
ac_cv_env_CCC_set=
ac_cv_env_CCC_value=
ac_cv_env_CC_set=set
ac_cv_env_CC_value=/home/rui/miniconda3/bin/x86_64-conda-linux-gnu-cc
ac_cv_env_CFLAGS_set=set
ac_cv_env_CFLAGS_value='-march=nocona -mtune=haswell -ftree-vectorize -fPIC -fstack-protector-strong -fno-plt -O2 -ffunction-sections -pipe -isystem /home/rui/miniconda3/include'
ac_cv_env_CPPFLAGS_set=set
ac_cv_env_CPPFLAGS_value='-DNDEBUG -D_FORTIFY_SOURCE=2 -O2 -isystem /home/rui/miniconda3/include'
ac_cv_env_CPP_set=set
ac_cv_env_CPP_value=/home/rui/miniconda3/bin/x86_64-conda-linux-gnu-cpp
ac_cv_env_CXXFLAGS_set=set
ac_cv_env_CXXFLAGS_value='-fvisibility-inlines-hidden -std=c++17 -fmessage-length=0 -march=nocona -mtune=haswell -ftree-vectorize -fPIC -fstack-protector-strong -fno-plt -O2 -ffunction-sections -pipe -isystem /home/rui/miniconda3/include'
ac_cv_env_CXX_set=set
ac_cv_env_CXX_value=/home/rui/miniconda3/bin/x86_64-conda-linux-gnu-c++
ac_cv_env_LDFLAGS_set=set
ac_cv_env_LDFLAGS_value='-Wl,-O2 -Wl,--sort-common -Wl,--as-needed -Wl,-z,relro -Wl,-z,now -Wl,--disable-new-dtags -Wl,--gc-sections -Wl,-rpath,/home/rui/miniconda3/lib -Wl,-rpath-link,/home/rui/miniconda3/lib -L/home/rui/miniconda3/lib'
ac_cv_env_LIBS_set=
ac_cv_env_LIBS_value=
ac_cv_env_build_alias_set=set
ac_cv_env_build_alias_value=x86_64-conda-linux-gnu
ac_cv_env_host_alias_set=set
ac_cv_env_host_alias_value=x86_64-conda-linux-gnu
ac_cv_env_target_alias_set=
ac_cv_env_target_alias_value=
ac_cv_func_malloc_0_nonnull=yes
ac_cv_func_memset=yes
ac_cv_func_realloc_0_nonnull=yes
ac_cv_func_regcomp=yes
ac_cv_func_sqrt=no
ac_cv_func_strdup=yes
ac_cv_func_strncasecmp=yes
ac_cv_func_strtol=yes
ac_cv_header_inttypes_h=yes
ac_cv_header_math_h=yes
ac_cv_header_memory_h=yes
ac_cv_header_stdc=yes
ac_cv_header_stdint_h=yes
ac_cv_header_stdlib_h=yes
ac_cv_header_string_h=yes
ac_cv_header_strings_h=yes
ac_cv_header_sys_stat_h=yes
ac_cv_header_sys_types_h=yes
ac_cv_header_unistd_h=yes
ac_cv_header_zlib_h=yes
ac_cv_lib_z_main=yes
ac_cv_objext=o
ac_cv_path_EGREP='/bin/grep -E'
ac_cv_path_GREP=/bin/grep
ac_cv_path_install='/usr/bin/install -c'
ac_cv_path_mkdir=/bin/mkdir
ac_cv_prog_AWK=mawk
ac_cv_prog_CC=/home/rui/miniconda3/bin/x86_64-conda-linux-gnu-cc
ac_cv_prog_CPP=/home/rui/miniconda3/bin/x86_64-conda-linux-gnu-cpp
ac_cv_prog_RANLIB=/home/rui/miniconda3/bin/x86_64-conda-linux-gnu-ranlib
ac_cv_prog_cc_c89=
ac_cv_prog_cc_g=yes
ac_cv_prog_cxx_g=yes
ac_cv_prog_make_make_set=yes
am_cv_CC_dependencies_compiler_type=gcc3
am_cv_CXX_dependencies_compiler_type=gcc3

## ----------------- ##
## Output variables. ##
## ----------------- ##

ACLOCAL='${SHELL} /media/rui/Huang/smc2-filter/popLDdecay/missing --run aclocal-1.11'
AMDEPBACKSLASH='\'
AMDEP_FALSE='#'
AMDEP_TRUE=''
AMTAR='${SHELL} /media/rui/Huang/smc2-filter/popLDdecay/missing --run tar'
AUTOCONF='${SHELL} /media/rui/Huang/smc2-filter/popLDdecay/missing --run autoconf'
AUTOHEADER='${SHELL} /media/rui/Huang/smc2-filter/popLDdecay/missing --run autoheader'
AUTOMAKE='${SHELL} /media/rui/Huang/smc2-filter/popLDdecay/missing --run automake-1.11'
AWK='mawk'
CC='/home/rui/miniconda3/bin/x86_64-conda-linux-gnu-cc'
CCDEPMODE='depmode=gcc3'
CFLAGS='-march=nocona -mtune=haswell -ftree-vectorize -fPIC -fstack-protector-strong -fno-plt -O2 -ffunction-sections -pipe -isystem /home/rui/miniconda3/include'
CPP='/home/rui/miniconda3/bin/x86_64-conda-linux-gnu-cpp'
CPPFLAGS='-DNDEBUG -D_FORTIFY_SOURCE=2 -O2 -isystem /home/rui/miniconda3/include'
CXX='/home/rui/miniconda3/bin/x86_64-conda-linux-gnu-c++'
CXXDEPMODE='depmode=gcc3'
CXXFLAGS='-fvisibility-inlines-hidden -std=c++17 -fmessage-length=0 -march=nocona -mtune=haswell -ftree-vectorize -fPIC -fstack-protector-strong -fno-plt -O2 -ffunction-sections -pipe -isystem /home/rui/miniconda3/include'
CYGPATH_W='echo'
DEFS='-DHAVE_CONFIG_H'
DEPDIR='.deps'
ECHO_C=''
ECHO_N='-n'
ECHO_T=''
EGREP='/bin/grep -E'
EXEEXT=''
GREP='/bin/grep'
INSTALL_DATA='${INSTALL} -m 644'
INSTALL_PROGRAM='${INSTALL}'
INSTALL_SCRIPT='${INSTALL}'
INSTALL_STRIP_PROGRAM='$(install_sh) -c -s'
LDFLAGS='-Wl,-O2 -Wl,--sort-common -Wl,--as-needed -Wl,-z,relro -Wl,-z,now -Wl,--disable-new-dtags -Wl,--gc-sections -Wl,-rpath,/home/rui/miniconda3/lib -Wl,-rpath-link,/home/rui/miniconda3/lib -L/home/rui/miniconda3/lib'
LIBOBJS=''
LIBS='-lz '
LN_S='ln -s'
LTLIBOBJS=''
MAKEINFO='${SHELL} /media/rui/Huang/smc2-filter/popLDdecay/missing --run makeinfo'
MKDIR_P='/bin/mkdir -p'
OBJEXT='o'
PACKAGE='bin/PopLDdecay'
PACKAGE_BUGREPORT='hewm2008@gmail.com'
PACKAGE_NAME='bin/PopLDdecay'
PACKAGE_STRING='bin/PopLDdecay 3.31'
PACKAGE_TARNAME='bin-poplddecay'
PACKAGE_URL=''
PACKAGE_VERSION='3.31'
PATH_SEPARATOR=':'
RANLIB='/home/rui/miniconda3/bin/x86_64-conda-linux-gnu-ranlib'
SET_MAKE=''
SHELL='/bin/sh'
STRIP='/home/rui/miniconda3/bin/x86_64-conda-linux-gnu-strip'
VERSION='3.31'
ac_ct_CC=''
ac_ct_CXX=''
am__EXEEXT_FALSE=''
am__EXEEXT_TRUE='#'
am__fastdepCC_FALSE='#'
am__fastdepCC_TRUE=''
am__fastdepCXX_FALSE='#'
am__fastdepCXX_TRUE=''
am__include='include'
am__isrc=''
am__leading_dot='.'
am__quote=''
am__tar='${AMTAR} chof - "$$tardir"'
am__untar='${AMTAR} xf -'
bindir='${exec_prefix}/bin'
build_alias='x86_64-conda-linux-gnu'
datadir='${datarootdir}'
datarootdir='${prefix}/share'
docdir='${datarootdir}/doc/${PACKAGE_TARNAME}'
dvidir='${docdir}'
exec_prefix='${prefix}'
host_alias='x86_64-conda-linux-gnu'
htmldir='${docdir}'
includedir='${prefix}/include'
infodir='${datarootdir}/info'
install_sh='${SHELL} /media/rui/Huang/smc2-filter/popLDdecay/install-sh'
libdir='${exec_prefix}/lib'
libexecdir='${exec_prefix}/libexec'
localedir='${datarootdir}/locale'
localstatedir='${prefix}/var'
mandir='${datarootdir}/man'
mkdir_p='/bin/mkdir -p'
oldincludedir='/usr/include'
pdfdir='${docdir}'
prefix='/usr/local'
program_transform_name='s,x,x,'
psdir='${docdir}'
runstatedir='${localstatedir}/run'
sbindir='${exec_prefix}/sbin'
sharedstatedir='${prefix}/com'
sysconfdir='${prefix}/etc'
target_alias=''

## ----------- ##
## confdefs.h. ##
## ----------- ##

/* confdefs.h */
#define PACKAGE_NAME "bin/PopLDdecay"
#define PACKAGE_TARNAME "bin-poplddecay"
#define PACKAGE_VERSION "3.31"
#define PACKAGE_STRING "bin/PopLDdecay 3.31"
#define PACKAGE_BUGREPORT "hewm2008@gmail.com"
#define PACKAGE_URL ""
#define PACKAGE "bin/PopLDdecay"
#define VERSION "3.31"
#define HAVE_LIBZ 1
#define STDC_HEADERS 1
#define HAVE_SYS_TYPES_H 1
#define HAVE_SYS_STAT_H 1
#define HAVE_STDLIB_H 1
#define HAVE_STRING_H 1
#define HAVE_MEMORY_H 1
#define HAVE_STRINGS_H 1
#define HAVE_INTTYPES_H 1
#define HAVE_STDINT_H 1
#define HAVE_UNISTD_H 1
#define HAVE_ZLIB_H 1
#define HAVE_MATH_H 1
#define HAVE_STDLIB_H 1
#define HAVE_MALLOC 1
#define HAVE_STDLIB_H 1
#define HAVE_REALLOC 1
#define HAVE_MEMSET 1
#define HAVE_REGCOMP 1
#define HAVE_STRDUP 1
#define HAVE_STRNCASECMP 1
#define HAVE_STRTOL 1

configure: exit 0

## ---------------------- ##
## Running config.status. ##
## ---------------------- ##

This file was extended by bin/PopLDdecay config.status 3.31, which was
generated by GNU Autoconf 2.69.  Invocation command line was

  CONFIG_FILES    = 
  CONFIG_HEADERS  = 
  CONFIG_LINKS    = 
  CONFIG_COMMANDS = 
  $ ./config.status 

on ruirui

config.status:867: creating Makefile
config.status:867: creating config.h
config.status:1048: config.h is unchanged
config.status:1096: executing depfiles commands

## ---------------------- ##
## Running config.status. ##
## ---------------------- ##

This file was extended by bin/PopLDdecay config.status 3.31, which was
generated by GNU Autoconf 2.69.  Invocation command line was

  CONFIG_FILES    = 
  CONFIG_HEADERS  = 
  CONFIG_LINKS    = 
  CONFIG_COMMANDS = 
  $ ./config.status config.h

on ruirui

config.status:867: creating config.h
config.status:1048: config.h is unchanged
