IQ-TREE multicore version 2.0.3 for Linux 64-bit built Dec 20 2020
Developed by Bui Quang Minh, Nguyen Lam Tung, Olga Chernomor,
Heiko Schmidt, Dominik Schrempf, Michael Woodhams.

Host:    ruirui (AVX2, FMA3, 1006 GB RAM)
Command: iqtree -s ./Mit.mafft.trimal.fasta -pre 4pop -m MFP -B 1000 -o SP1
Seed:    139911 (Using SPRNG - Scalable Parallel Random Number Generator)
Time:    Sun Jun  9 23:02:51 2024
Kernel:  AVX+FMA - 1 threads (64 CPU cores detected)

HINT: Use -nt option to specify number of threads because your CPU has 64 cores!
HINT: -nt AUTO will automatically determine the best number of threads to use.

Reading alignment file ./Mit.mafft.trimal.fasta ... Fasta format detected
Alignment most likely contains DNA/RNA sequences
Alignment has 41 sequences with 16295 columns, 596 distinct patterns
957 parsimony-informative, 895 singleton sites, 14443 constant sites
      Gap/Ambiguity  Composition  p-value
   1  AL1     0.01%    passed     98.95%
   2  AL2     0.01%    passed     99.14%
   3  CN1     0.00%    passed     98.72%
   4  CN10    0.00%    passed     99.46%
   5  CN6     0.00%    passed     99.99%
   6  FH1     0.00%    passed     98.07%
   7  FA1     0.00%    passed     97.92%
   8  FA4     0.00%    passed     98.99%
   9  FA5     0.00%    passed     99.16%
  10  FA7     0.00%    passed     99.16%
  11  GD15    0.00%    passed    100.00%
  12  GD7     0.00%    passed     99.99%
  13  GER1    0.01%    passed     98.70%
  14  GER2    0.00%    passed     98.27%
  15  GER3    0.00%    passed     99.86%
  16  GER5    0.01%    passed     97.66%
  17  GER7    0.00%    passed     99.81%
  18  GER8    0.01%    passed     99.91%
  19  GX14    0.00%    passed     99.99%
  20  GX15    0.00%    passed     99.99%
  21  GX16    0.00%    passed    100.00%
  22  Gx17    0.01%    passed     99.99%
  23  GX18    0.00%    passed     99.99%
  24  GX4     0.00%    passed     99.99%
  25  IN1     0.00%    passed    100.00%
  26  IN15    0.00%    passed     99.19%
  27  IN16    0.00%    passed     99.07%
  28  IN2     0.00%    passed     99.98%
  29  IN3     0.01%    passed     99.99%
  30  IN4     0.00%    passed     99.99%
  31  IN5     0.00%    passed     99.99%
  32  IN6     0.02%    passed     99.71%
  33  KL1     0.00%    passed     98.64%
  34  KL2     0.01%    passed     98.38%
  35  PA1     0.00%    passed     99.79%
  36  PA2     0.00%    passed     99.93%
  37  QT1     0.00%    passed     99.61%
  38  QT2     0.00%    passed     99.12%
  39  SP1     0.09%    passed     45.14%
  40  TW4     0.04%    passed     99.87%
  41  UQ1     0.00%    passed     98.72%
****  TOTAL    0.01%  0 sequences failed composition chi2 test (p-value<5%; df=3)
NOTE: FA7 is identical to FA5 but kept for subsequent analysis


Create initial parsimony tree by phylogenetic likelihood library (PLL)... 0.005 seconds
Perform fast likelihood tree search using GTR+I+G model...
Estimate model parameters (epsilon = 5.000)
Perform nearest neighbor interchange...
Estimate model parameters (epsilon = 1.000)
1. Initial log-likelihood: -35776.548
Optimal log-likelihood: -35776.483
Rate parameters:  A-C: 1.38259  A-G: 20.51447  A-T: 1.73742  C-G: 0.50012  C-T: 24.79283  G-T: 1.00000
Base frequencies:  A: 0.345  C: 0.245  G: 0.123  T: 0.286
Proportion of invariable sites: 0.442
Gamma shape alpha: 0.303
Parameters optimization took 1 rounds (0.028 sec)
Time for fast ML tree search: 0.470 seconds

NOTE: ModelFinder requires 10 MB RAM!
ModelFinder will test up to 286 DNA models (sample size: 16295) ...
 No. Model         -LnL         df  AIC          AICc         BIC
  1  GTR+F         36332.955    87  72839.910    72840.854    73509.689
  2  GTR+F+I       35792.258    88  71760.516    71761.483    72437.994
  3  GTR+F+G4      35801.839    88  71779.679    71780.645    72457.157
  4  GTR+F+I+G4    35776.392    89  71730.784    71731.772    72415.960
  5  GTR+F+R2      35763.233    89  71704.466    71705.454    72389.642
  6  GTR+F+R3      35763.066    91  71708.131    71709.164    72408.705
 18  SYM+R2        36766.804    86  73705.608    73706.532    74367.689
 31  TVM+F+R2      35772.746    88  71721.492    71722.458    72398.970
 44  TVMe+R2       36837.035    85  73844.071    73844.973    74498.453
 57  TIM3+F+R2     35775.440    87  71724.881    71725.826    72394.660
 70  TIM3e+R2      36822.982    84  73813.964    73814.844    74460.647
 83  TIM2+F+R2     35764.802    87  71703.604    71704.548    72373.383
 96  TIM2e+R2      36771.004    84  73710.008    73710.889    74356.691
109  TIM+F+R2      35776.331    87  71726.661    71727.606    72396.441
122  TIMe+R2       36824.773    84  73817.547    73818.428    74464.230
135  TPM3u+F+R2    35784.685    86  71741.370    71742.294    72403.451
148  TPM3+F+R2     35784.685    86  71741.370    71742.294    72403.451
161  TPM2u+F+R2    35774.608    86  71721.217    71722.140    72383.297
174  TPM2+F+R2     35774.608    86  71721.217    71722.140    72383.297
187  K3Pu+F+R2     35785.626    86  71743.252    71744.176    72405.333
200  K3P+R2        36898.328    83  73962.656    73963.516    74601.641
213  TN+F+R2       35777.087    86  71726.174    71727.097    72388.255
226  TNe+R2        36826.831    83  73819.662    73820.522    74458.647
239  HKY+F+R2      35786.448    85  71742.896    71743.798    72397.278
252  K2P+R2        36900.165    82  73964.330    73965.170    74595.617
265  F81+F+R2      37388.379    84  74944.758    74945.639    75591.441
278  JC+R2         38366.276    81  76894.551    76895.371    77518.139
Akaike Information Criterion:           TIM2+F+R2
Corrected Akaike Information Criterion: TIM2+F+R2
Bayesian Information Criterion:         TIM2+F+R2
Best-fit model: TIM2+F+R2 chosen according to BIC

All model information printed to 4pop.model.gz
CPU time for ModelFinder: 6.050 seconds (0h:0m:6s)
Wall-clock time for ModelFinder: 6.085 seconds (0h:0m:6s)
Generating 1000 samples for ultrafast bootstrap (seed: 139911)...

NOTE: 3 MB RAM (0 GB) is required!
Estimate model parameters (epsilon = 0.100)
1. Initial log-likelihood: -35764.802
Optimal log-likelihood: -35764.738
Rate parameters:  A-C: 2.33477  A-G: 29.11776  A-T: 2.33477  C-G: 1.00000  C-T: 38.23903  G-T: 1.00000
Base frequencies:  A: 0.345  C: 0.245  G: 0.123  T: 0.286
Site proportion and rates:  (0.907,0.290) (0.093,7.942)
Parameters optimization took 1 rounds (0.023 sec)
Computing ML distances based on estimated model parameters... 0.014 sec
Computing BIONJ tree...
0.002 seconds
Log-likelihood of BIONJ tree: -35772.650
--------------------------------------------------------------------
|             INITIALIZING CANDIDATE TREE SET                      |
--------------------------------------------------------------------
Generating 98 parsimony trees... 0.849 second
Computing log-likelihood of 98 initial trees ... 0.383 seconds
Current best score: -35764.738

Do NNI search on 20 best initial trees
Estimate model parameters (epsilon = 0.100)
BETTER TREE FOUND at iteration 1: -35764.682
Estimate model parameters (epsilon = 0.100)
UPDATE BEST LOG-LIKELIHOOD: -35764.575
Iteration 10 / LogL: -35764.575 / Time: 0h:0m:1s
Iteration 20 / LogL: -35764.636 / Time: 0h:0m:2s
Finish initializing candidate tree set (1)
Current best tree score: -35764.575 / CPU time: 2.280
Number of iterations: 20
--------------------------------------------------------------------
|               OPTIMIZING CANDIDATE TREE SET                      |
--------------------------------------------------------------------
BETTER TREE FOUND at iteration 29: -35764.574
Iteration 30 / LogL: -35764.595 / Time: 0h:0m:3s (0h:0m:11s left)
UPDATE BEST LOG-LIKELIHOOD: -35764.574
Iteration 40 / LogL: -35764.702 / Time: 0h:0m:4s (0h:0m:9s left)
UPDATE BEST LOG-LIKELIHOOD: -35764.574
Iteration 50 / LogL: -35764.576 / Time: 0h:0m:4s (0h:0m:8s left)
Log-likelihood cutoff on original alignment: -35803.670
Iteration 60 / LogL: -35764.632 / Time: 0h:0m:5s (0h:0m:6s left)
Iteration 70 / LogL: -35764.605 / Time: 0h:0m:6s (0h:0m:5s left)
Iteration 80 / LogL: -35764.655 / Time: 0h:0m:7s (0h:0m:4s left)
Iteration 90 / LogL: -35764.574 / Time: 0h:0m:8s (0h:0m:3s left)
Iteration 100 / LogL: -35764.861 / Time: 0h:0m:9s (0h:0m:2s left)
Log-likelihood cutoff on original alignment: -35803.670
NOTE: Bootstrap correlation coefficient of split occurrence frequencies: 0.995
Iteration 110 / LogL: -35881.210 / Time: 0h:0m:10s (0h:0m:8s left)
Iteration 120 / LogL: -35881.224 / Time: 0h:0m:11s (0h:0m:7s left)
Iteration 130 / LogL: -35764.648 / Time: 0h:0m:12s (0h:0m:6s left)
TREE SEARCH COMPLETED AFTER 130 ITERATIONS / Time: 0h:0m:12s

--------------------------------------------------------------------
|                    FINALIZING TREE SEARCH                        |
--------------------------------------------------------------------
Performs final model parameters optimization
Estimate model parameters (epsilon = 0.010)
1. Initial log-likelihood: -35764.574
2. Current log-likelihood: -35764.537
3. Current log-likelihood: -35764.505
4. Current log-likelihood: -35764.480
5. Current log-likelihood: -35764.459
6. Current log-likelihood: -35764.442
7. Current log-likelihood: -35764.425
8. Current log-likelihood: -35764.413
9. Current log-likelihood: -35764.402
Optimal log-likelihood: -35764.392
Rate parameters:  A-C: 2.33435  A-G: 29.05006  A-T: 2.33435  C-G: 1.00000  C-T: 38.41276  G-T: 1.00000
Base frequencies:  A: 0.345  C: 0.245  G: 0.123  T: 0.286
Site proportion and rates:  (0.912,0.302) (0.088,8.226)
Parameters optimization took 9 rounds (0.183 sec)
BEST SCORE FOUND : -35764.392
Creating bootstrap support values...
Split supports printed to NEXUS file 4pop.splits.nex
Total tree length: 0.196

Total number of iterations: 130
CPU time used for tree search: 11.874 sec (0h:0m:11s)
Wall-clock time used for tree search: 12.180 sec (0h:0m:12s)
Total CPU time used: 12.225 sec (0h:0m:12s)
Total wall-clock time used: 12.553 sec (0h:0m:12s)

Computing bootstrap consensus tree...
Reading input file 4pop.splits.nex...
41 taxa and 132 splits.
Consensus tree written to 4pop.contree
Reading input trees file 4pop.contree
Log-likelihood of consensus tree: -35764.725

Analysis results written to: 
  IQ-TREE report:                4pop.iqtree
  Maximum-likelihood tree:       4pop.treefile
  Likelihood distances:          4pop.mldist

Ultrafast bootstrap approximation results written to:
  Split support values:          4pop.splits.nex
  Consensus tree:                4pop.contree
  Screen log file:               4pop.log

Date and Time: Sun Jun  9 23:03:09 2024
